This is pdfTeX, Version 3.14159265-2.6-1.40.16 (MiKTeX 2.9) (preloaded format=pdflatex 2016.3.17)  8 JUN 2016 22:31
entering extended mode
**./diplomarbeit.tex
(diplomarbeit.tex
LaTeX2e <2015/10/01> patch level 2
Babel <3.9n> and hyphenation patterns for 69 languages loaded.
\@input{settings.aux}
\openout2 = `settings.aux'.

(settings.tex
(C:\Users\fgell_000\AppData\Roaming\MiKTeX\2.9\tex\latex\koma-script\scrreprt.c
ls
Document Class: scrreprt 2015/10/03 v3.19a KOMA-Script document class (report)

(C:\Users\fgell_000\AppData\Roaming\MiKTeX\2.9\tex\latex\koma-script\scrkbase.s
ty
Package: scrkbase 2015/10/03 v3.19a KOMA-Script package (KOMA-Script-dependent 
basics and keyval usage)

(C:\Users\fgell_000\AppData\Roaming\MiKTeX\2.9\tex\latex\koma-script\scrbase.st
y
Package: scrbase 2015/10/03 v3.19a KOMA-Script package (KOMA-Script-independent
 basics and keyval usage)
 (V:\ProgrammeV\miktex\tex\latex\graphics\keyval.sty
Package: keyval 2014/10/28 v1.15 key=value parser (DPC)
\KV@toks@=\toks14
)
(C:\Users\fgell_000\AppData\Roaming\MiKTeX\2.9\tex\latex\koma-script\scrlfile.s
ty
Package: scrlfile 2015/10/03 v3.19a KOMA-Script package (loading files)

Package scrlfile, 2015/10/03 v3.19a KOMA-Script package (loading files)
                  Copyright (C) Markus Kohm

)))
(C:\Users\fgell_000\AppData\Roaming\MiKTeX\2.9\tex\latex\koma-script\tocbasic.s
ty
Package: tocbasic 2015/10/03 v3.19a KOMA-Script package (handling toc-files)
)
Package tocbasic Info: omitting babel extension for `toc'
(tocbasic)             because of feature `nobabel' available
(tocbasic)             for `toc' on input line 125.
Package tocbasic Info: omitting babel extension for `lof'
(tocbasic)             because of feature `nobabel' available
(tocbasic)             for `lof' on input line 126.
Package tocbasic Info: omitting babel extension for `lot'
(tocbasic)             because of feature `nobabel' available
(tocbasic)             for `lot' on input line 127.
Package tocbasic Info: defining new hook before heading of `' on input line 158
8.
Package scrreprt Info: You've used standard option `11pt'.
(scrreprt)             This is correct!
(scrreprt)             Internally I'm using `fontsize=11pt'.
(scrreprt)             If you'd like to set the option with \KOMAoptions,
(scrreprt)             you'd have to use `fontsize=11pt' there
(scrreprt)             instead of `11pt', too.
Class scrreprt Info: File `scrsize11pt.clo' used to setup font sizes on input l
ine 2248.

(C:\Users\fgell_000\AppData\Roaming\MiKTeX\2.9\tex\latex\koma-script\scrsize11p
t.clo
File: scrsize11pt.clo 2015/10/03 v3.19a KOMA-Script font size class option (11p
t)
)
(C:\Users\fgell_000\AppData\Roaming\MiKTeX\2.9\tex\latex\koma-script\typearea.s
ty
Package: typearea 2015/10/03 v3.19a KOMA-Script package (type area)

Package typearea, 2015/10/03 v3.19a KOMA-Script package (type area)
                  Copyright (C) Frank Neukam, 1992-1994
                  Copyright (C) Markus Kohm, 1994-

\ta@bcor=\skip41
\ta@div=\count79
Package typearea Info: You've used standard option `a4paper'.
(typearea)             This is correct!
(typearea)             Internally I'm using `paper=a4'.
(typearea)             If you'd like to set the option with \KOMAoptions,
(typearea)             you'd have to use `paper=a4' there
(typearea)             instead of `a4paper', too.
\ta@hblk=\skip42
\ta@vblk=\skip43
\ta@temp=\skip44
\footheight=\skip45
Package typearea Info: These are the values describing the layout:
(typearea)             DIV  = 10
(typearea)             BCOR = 0.0pt
(typearea)             \paperwidth      = 597.50793pt
(typearea)              \textwidth      = 418.25555pt
(typearea)              DIV departure   = -6%
(typearea)              \evensidemargin = 17.3562pt
(typearea)              \oddsidemargin  = 17.3562pt
(typearea)             \paperheight     = 845.04694pt
(typearea)              \textheight     = 595.80026pt
(typearea)              \topmargin      = -25.16531pt
(typearea)              \headheight     = 17.0pt
(typearea)              \headsep        = 20.40001pt
(typearea)              \topskip        = 11.0pt
(typearea)              \footskip       = 47.6pt
(typearea)              \baselineskip   = 13.6pt
(typearea)              on input line 1509.
)
\c@part=\count80
\c@chapter=\count81
\c@section=\count82
\c@subsection=\count83
\c@subsubsection=\count84
\c@paragraph=\count85
\c@subparagraph=\count86
LaTeX Info: Redefining \textsubscript on input line 4652.
\abovecaptionskip=\skip46
\belowcaptionskip=\skip47
\c@pti@nb@sid@b@x=\box26
\c@figure=\count87
\c@table=\count88
\bibindent=\dimen102
)
(C:\Users\fgell_000\AppData\Roaming\MiKTeX\2.9\tex\latex\koma-script\scrpage2.s
ty
Package: scrpage2 2015/10/03 v3.19a KOMA-Script package (page head and foot)
LaTeX Info: Redefining \pagemark on input line 174.
) (V:\ProgrammeV\miktex\tex\latex\base\inputenc.sty
Package: inputenc 2015/03/17 v1.2c Input encoding file
\inpenc@prehook=\toks15
\inpenc@posthook=\toks16

(V:\ProgrammeV\miktex\tex\latex\base\latin1.def
File: latin1.def 2015/03/17 v1.2c Input encoding file
))
(V:\ProgrammeV\miktex\tex\latex\graphics\graphicx.sty
Package: graphicx 2014/10/28 v1.0g Enhanced LaTeX Graphics (DPC,SPQR)

(V:\ProgrammeV\miktex\tex\latex\graphics\graphics.sty
Package: graphics 2014/10/28 v1.0p Standard LaTeX Graphics (DPC,SPQR)

(V:\ProgrammeV\miktex\tex\latex\graphics\trig.sty
Package: trig 1999/03/16 v1.09 sin cos tan (DPC)
)
(V:\ProgrammeV\miktex\tex\latex\00miktex\graphics.cfg
File: graphics.cfg 2007/01/18 v1.5 graphics configuration of teTeX/TeXLive
)
Package graphics Info: Driver file: pdftex.def on input line 94.

(V:\ProgrammeV\miktex\tex\latex\pdftex-def\pdftex.def
File: pdftex.def 2011/05/27 v0.06d Graphics/color for pdfTeX

(V:\ProgrammeV\miktex\tex\generic\oberdiek\infwarerr.sty
Package: infwarerr 2010/04/08 v1.3 Providing info/warning/error messages (HO)
)
(V:\ProgrammeV\miktex\tex\generic\oberdiek\ltxcmds.sty
Package: ltxcmds 2011/11/09 v1.22 LaTeX kernel commands for general use (HO)
)
\Gread@gobject=\count89
))
\Gin@req@height=\dimen103
\Gin@req@width=\dimen104
)
(V:\ProgrammeV\miktex\tex\latex\geometry\geometry.sty
Package: geometry 2010/09/12 v5.6 Page Geometry

(V:\ProgrammeV\miktex\tex\generic\oberdiek\ifpdf.sty
Package: ifpdf 2011/01/30 v2.3 Provides the ifpdf switch (HO)
Package ifpdf Info: pdfTeX in PDF mode is detected.
)
(V:\ProgrammeV\miktex\tex\generic\oberdiek\ifvtex.sty
Package: ifvtex 2010/03/01 v1.5 Detect VTeX and its facilities (HO)
Package ifvtex Info: VTeX not detected.
)
(V:\ProgrammeV\miktex\tex\generic\ifxetex\ifxetex.sty
Package: ifxetex 2010/09/12 v0.6 Provides ifxetex conditional
)
\Gm@cnth=\count90
\Gm@cntv=\count91
\c@Gm@tempcnt=\count92
\Gm@bindingoffset=\dimen105
\Gm@wd@mp=\dimen106
\Gm@odd@mp=\dimen107
\Gm@even@mp=\dimen108
\Gm@layoutwidth=\dimen109
\Gm@layoutheight=\dimen110
\Gm@layouthoffset=\dimen111
\Gm@layoutvoffset=\dimen112
\Gm@dimlist=\toks17

(V:\ProgrammeV\miktex\tex\latex\geometry\geometry.cfg))
(C:\Users\fgell_000\AppData\Roaming\MiKTeX\2.9\tex\latex\german\ngerman.sty
v2.5e 1998-07-08
Package: ngerman 1998/07/08 v2.5e Support for writing german texts (br)
\grmnU@D=\dimen113
ngerman -- \language number for naustrian undefined, default 44 used.
) (V:\ProgrammeV\miktex\tex\latex\ae\ae.sty
Package: ae 2001/02/12 1.3 Almost European Computer Modern

(V:\ProgrammeV\miktex\tex\latex\base\fontenc.sty
Package: fontenc 2005/09/27 v1.99g Standard LaTeX package

(V:\ProgrammeV\miktex\tex\latex\base\t1enc.def
File: t1enc.def 2005/09/27 v1.99g Standard LaTeX file
LaTeX Font Info:    Redeclaring font encoding T1 on input line 48.
)
LaTeX Font Info:    Try loading font information for T1+aer on input line 105.

(V:\ProgrammeV\miktex\tex\latex\ae\t1aer.fd
File: t1aer.fd 1997/11/16 Font definitions for T1/aer.
)))
(V:\ProgrammeV\miktex\tex\latex\amsmath\amsmath.sty
Package: amsmath 2013/01/14 v2.14 AMS math features
\@mathmargin=\skip48

For additional information on amsmath, use the `?' option.
(V:\ProgrammeV\miktex\tex\latex\amsmath\amstext.sty
Package: amstext 2000/06/29 v2.01

(V:\ProgrammeV\miktex\tex\latex\amsmath\amsgen.sty
File: amsgen.sty 1999/11/30 v2.0
\@emptytoks=\toks18
\ex@=\dimen114
))
(V:\ProgrammeV\miktex\tex\latex\amsmath\amsbsy.sty
Package: amsbsy 1999/11/29 v1.2d
\pmbraise@=\dimen115
)
(V:\ProgrammeV\miktex\tex\latex\amsmath\amsopn.sty
Package: amsopn 1999/12/14 v2.01 operator names
)
\inf@bad=\count93
LaTeX Info: Redefining \frac on input line 210.
\uproot@=\count94
\leftroot@=\count95
LaTeX Info: Redefining \overline on input line 306.
\classnum@=\count96
\DOTSCASE@=\count97
LaTeX Info: Redefining \ldots on input line 378.
LaTeX Info: Redefining \dots on input line 381.
LaTeX Info: Redefining \cdots on input line 466.
\Mathstrutbox@=\box27
\strutbox@=\box28
\big@size=\dimen116
LaTeX Font Info:    Redeclaring font encoding OML on input line 566.
LaTeX Font Info:    Redeclaring font encoding OMS on input line 567.
\macc@depth=\count98
\c@MaxMatrixCols=\count99
\dotsspace@=\muskip10
\c@parentequation=\count100
\dspbrk@lvl=\count101
\tag@help=\toks19
\row@=\count102
\column@=\count103
\maxfields@=\count104
\andhelp@=\toks20
\eqnshift@=\dimen117
\alignsep@=\dimen118
\tagshift@=\dimen119
\tagwidth@=\dimen120
\totwidth@=\dimen121
\lineht@=\dimen122
\@envbody=\toks21
\multlinegap=\skip49
\multlinetaggap=\skip50
\mathdisplay@stack=\toks22
LaTeX Info: Redefining \[ on input line 2665.
LaTeX Info: Redefining \] on input line 2666.
)
(C:\Users\fgell_000\AppData\Roaming\MiKTeX\2.9\tex\latex\listings\listings.sty
\lst@mode=\count105
\lst@gtempboxa=\box29
\lst@token=\toks23
\lst@length=\count106
\lst@currlwidth=\dimen123
\lst@column=\count107
\lst@pos=\count108
\lst@lostspace=\dimen124
\lst@width=\dimen125
\lst@newlines=\count109
\lst@lineno=\count110
\lst@maxwidth=\dimen126

(C:\Users\fgell_000\AppData\Roaming\MiKTeX\2.9\tex\latex\listings\lstmisc.sty
File: lstmisc.sty 2015/06/04 1.6 (Carsten Heinz)
\c@lstnumber=\count111
\lst@skipnumbers=\count112
\lst@framebox=\box30
)
(C:\Users\fgell_000\AppData\Roaming\MiKTeX\2.9\tex\latex\listings\listings.cfg
File: listings.cfg 2015/06/04 1.6 listings configuration
))
Package: listings 2015/06/04 1.6 (Carsten Heinz)
 (V:\ProgrammeV\miktex\tex\latex\tools\varioref.sty
Package: varioref 2015/09/22 v1.5b package for extended references (FMi)
\c@vrcnt=\count113
)
(V:\ProgrammeV\miktex\tex\latex\oberdiek\epstopdf.sty
Package: epstopdf 2010/02/09 v2.5 Conversion with epstopdf on the fly (HO)

(V:\ProgrammeV\miktex\tex\latex\oberdiek\epstopdf-base.sty
Package: epstopdf-base 2010/02/09 v2.5 Base part for package epstopdf

(V:\ProgrammeV\miktex\tex\latex\oberdiek\grfext.sty
Package: grfext 2010/08/19 v1.1 Manage graphics extensions (HO)

(V:\ProgrammeV\miktex\tex\generic\oberdiek\kvdefinekeys.sty
Package: kvdefinekeys 2011/04/07 v1.3 Define keys (HO)
))
(V:\ProgrammeV\miktex\tex\latex\oberdiek\kvoptions.sty
Package: kvoptions 2011/06/30 v3.11 Key value format for package options (HO)

(V:\ProgrammeV\miktex\tex\generic\oberdiek\kvsetkeys.sty
Package: kvsetkeys 2012/04/25 v1.16 Key value parser (HO)

(V:\ProgrammeV\miktex\tex\generic\oberdiek\etexcmds.sty
Package: etexcmds 2011/02/16 v1.5 Avoid name clashes with e-TeX commands (HO)

(V:\ProgrammeV\miktex\tex\generic\oberdiek\ifluatex.sty
Package: ifluatex 2010/03/01 v1.3 Provides the ifluatex switch (HO)
Package ifluatex Info: LuaTeX not detected.
)
Package etexcmds Info: Could not find \expanded.
(etexcmds)             That can mean that you are not using pdfTeX 1.50 or
(etexcmds)             that some package has redefined \expanded.
(etexcmds)             In the latter case, load this package earlier.
)))
(V:\ProgrammeV\miktex\tex\generic\oberdiek\pdftexcmds.sty
Package: pdftexcmds 2011/11/29 v0.20 Utility functions of pdfTeX for LuaTeX (HO
)
Package pdftexcmds Info: LuaTeX not detected.
Package pdftexcmds Info: \pdf@primitive is available.
Package pdftexcmds Info: \pdf@ifprimitive is available.
Package pdftexcmds Info: \pdfdraftmode found.
)
Package grfext Info: Graphics extension search list:
(grfext)             [.png,.pdf,.jpg,.mps,.jpeg,.jbig2,.jb2,.PNG,.PDF,.JPG,.JPE
G,.JBIG2,.JB2,.eps]
(grfext)             \AppendGraphicsExtensions on input line 452.
))
(C:\Users\fgell_000\AppData\Roaming\MiKTeX\2.9\tex\latex\nonfloat\nonfloat.sty
(V:\ProgrammeV\miktex\tex\latex\base\ifthen.sty
Package: ifthen 2014/09/29 v1.1c Standard LaTeX ifthen package (DPC)
))
(C:\Users\fgell_000\AppData\Roaming\MiKTeX\2.9\tex\latex\overpic\overpic.sty
Package: overpic 2010/09/13 v0.53  Overwriting graphics

Package: overpic v0.53 <2010/09/13> (RN)
(C:\Users\fgell_000\AppData\Roaming\MiKTeX\2.9\tex\latex\eepic\epic.sty
Enhancements to Picture Environment. Version 1.2 - Released June 1, 1986
\@@multicnt=\count114
\d@lta=\count115
\@delta=\dimen127
\@@delta=\dimen128
\@gridcnt=\count116
\@joinkind=\count117
\@dotgap=\dimen129
\@ddotgap=\dimen130
\@x@diff=\count118
\@y@diff=\count119
\x@diff=\dimen131
\y@diff=\dimen132
\@dotbox=\box31
\num@segments=\count120
\num@segmentsi=\count121
\@datafile=\read1
)
overpic: relative positioning in percent
) (C:\Users\fgell_000\AppData\Roaming\MiKTeX\2.9\tex\latex\picins\picins.sty
Option `picins' Version 3.0 Sep. 1992, TH Darmstadt/HRZ
\@BILD=\box32
\@TEXT=\box33
\d@breite=\dimen133
\d@hoehe=\dimen134
\d@xoff=\dimen135
\d@yoff=\dimen136
\d@shad=\dimen137
\d@dash=\dimen138
\d@boxl=\dimen139
\d@pichskip=\dimen140
\d@tmp=\dimen141
\d@tmpa=\dimen142
\d@bskip=\dimen143
\hsiz@=\dimen144
\p@getot@l=\dimen145
\c@breite=\count122
\c@hoehe=\count123
\c@xoff=\count124
\c@yoff=\count125
\c@pos=\count126
\c@shad=\count127
\c@dash=\count128
\c@boxl=\count129
\c@zeilen=\count130
\@changemode=\count131
\c@piccaption=\count132
\c@piccaptionpos=\count133
\c@picpos=\count134
\c@whole=\count135
\c@half=\count136
\c@tmp=\count137
\c@tmpa=\count138
\c@tmpb=\count139
\c@tmpc=\count140
\c@tmpd=\count141
\d@leftskip=\skip51
\ptoti=\dimen146
\ptotii=\dimen147
\env@box=\box34
\d@envdp=\dimen148
\c@hsize=\count142
\c@envdp=\count143
\d@envb=\dimen149
)
(C:\Users\fgell_000\AppData\Roaming\MiKTeX\2.9\tex\latex\wrapfig\wrapfig.sty
\wrapoverhang=\dimen150
\WF@size=\dimen151
\c@WF@wrappedlines=\count144
\WF@box=\box35
\WF@everypar=\toks24
Package: wrapfig 2003/01/31  v 3.6
))
(diplomarbeit.aux (deckblatt.aux) (einleitungmotivation.aux) (begriffe.aux)
(projektanalyse.aux) (cmswahl.aux) (typo3.aux

LaTeX Warning: Label `fig:typo3backend' multiply defined.

) (typo3praxisteil.aux) (mehrwert.aux) (zusammenfassungausblick.aux)
(erklaerung.aux))
\openout1 = `diplomarbeit.aux'.

LaTeX Font Info:    Checking defaults for OML/cmm/m/it on input line 3.
LaTeX Font Info:    ... okay on input line 3.
LaTeX Font Info:    Checking defaults for T1/cmr/m/n on input line 3.
LaTeX Font Info:    ... okay on input line 3.
LaTeX Font Info:    Checking defaults for OT1/cmr/m/n on input line 3.
LaTeX Font Info:    ... okay on input line 3.
LaTeX Font Info:    Checking defaults for OMS/cmsy/m/n on input line 3.
LaTeX Font Info:    ... okay on input line 3.
LaTeX Font Info:    Checking defaults for OMX/cmex/m/n on input line 3.
LaTeX Font Info:    ... okay on input line 3.
LaTeX Font Info:    Checking defaults for U/cmr/m/n on input line 3.
LaTeX Font Info:    ... okay on input line 3.

(C:\Users\fgell_000\AppData\Roaming\MiKTeX\2.9\tex\context\base\supp-pdf.mkii
[Loading MPS to PDF converter (version 2006.09.02).]
\scratchcounter=\count145
\scratchdimen=\dimen152
\scratchbox=\box36
\nofMPsegments=\count146
\nofMParguments=\count147
\everyMPshowfont=\toks25
\MPscratchCnt=\count148
\MPscratchDim=\dimen153
\MPnumerator=\count149
\makeMPintoPDFobject=\count150
\everyMPtoPDFconversion=\toks26
)
*geometry* driver: auto-detecting
*geometry* detected driver: pdftex
*geometry* verbose mode - [ preamble ] result:
* driver: pdftex
* paper: a4paper
* layout: <same size as paper>
* layoutoffset:(h,v)=(0.0pt,0.0pt)
* modes: includehead includefoot 
* h-part:(L,W,R)=(71.13188pt, 455.24408pt, 71.13191pt)
* v-part:(T,H,B)=(71.13188pt, 702.78308pt, 71.13188pt)
* \paperwidth=597.50787pt
* \paperheight=845.04684pt
* \textwidth=455.24408pt
* \textheight=617.78307pt
* \oddsidemargin=-1.1381pt
* \evensidemargin=-1.1381pt
* \topmargin=-1.1381pt
* \headheight=17.0pt
* \headsep=20.40001pt
* \topskip=11.0pt
* \footskip=47.6pt
* \marginparwidth=59.7508pt
* \marginparsep=12.8401pt
* \columnsep=10.0pt
* \skip\footins=10.0pt plus 4.0pt minus 2.0pt
* \hoffset=0.0pt
* \voffset=0.0pt
* \mag=1000
* \@twocolumnfalse
* \@twosidefalse
* \@mparswitchfalse
* \@reversemarginfalse
* (1in=72.27pt=25.4mm, 1cm=28.453pt)

\c@lstlisting=\count151
\openout2 = `deckblatt.aux'.

(deckblatt.tex

Class scrreprt Warning: Usage of deprecated font command `\bf'!
(scrreprt)              You should note, that in 1994 font command `\bf' has
(scrreprt)              been defined for compatiblitiy to Script 2.0 only.
(scrreprt)              Now, after two decades of LaTeX2e and NFSS2, you
(scrreprt)              shouldn't use such commands any longer and within
(scrreprt)              KOMA-Script usage of `\bf' is definitely deprecated.
(scrreprt)              See `fntguide.pdf' for more information about
(scrreprt)              recommended font commands.
(scrreprt)              Note also, that KOMA-Script will remove the definition
(scrreprt)              of `\bf' anytime until release of about version 3.20.
(scrreprt)              But for now, KOMA-Script will replace deprecated `\bf'
(scrreprt)              by `\normalfont \bfseries ' on input line 6.


Class scrreprt Warning: Usage of deprecated font command `\bf'!
(scrreprt)              You should note, that in 1994 font command `\bf' has
(scrreprt)              been defined for compatiblitiy to Script 2.0 only.
(scrreprt)              Now, after two decades of LaTeX2e and NFSS2, you
(scrreprt)              shouldn't use such commands any longer and within
(scrreprt)              KOMA-Script usage of `\bf' is definitely deprecated.
(scrreprt)              See `fntguide.pdf' for more information about
(scrreprt)              recommended font commands.
(scrreprt)              Note also, that KOMA-Script will remove the definition
(scrreprt)              of `\bf' anytime until release of about version 3.20.
(scrreprt)              But for now, KOMA-Script will replace deprecated `\bf'
(scrreprt)              by `\normalfont \bfseries ' on input line 11.


Class scrreprt Warning: Usage of deprecated font command `\bf'!
(scrreprt)              You should note, that in 1994 font command `\bf' has
(scrreprt)              been defined for compatiblitiy to Script 2.0 only.
(scrreprt)              Now, after two decades of LaTeX2e and NFSS2, you
(scrreprt)              shouldn't use such commands any longer and within
(scrreprt)              KOMA-Script usage of `\bf' is definitely deprecated.
(scrreprt)              See `fntguide.pdf' for more information about
(scrreprt)              recommended font commands.
(scrreprt)              Note also, that KOMA-Script will remove the definition
(scrreprt)              of `\bf' anytime until release of about version 3.20.
(scrreprt)              But for now, KOMA-Script will replace deprecated `\bf'
(scrreprt)              by `\normalfont \bfseries ' on input line 13.


Class scrreprt Warning: Usage of deprecated font command `\bf'!
(scrreprt)              You should note, that in 1994 font command `\bf' has
(scrreprt)              been defined for compatiblitiy to Script 2.0 only.
(scrreprt)              Now, after two decades of LaTeX2e and NFSS2, you
(scrreprt)              shouldn't use such commands any longer and within
(scrreprt)              KOMA-Script usage of `\bf' is definitely deprecated.
(scrreprt)              See `fntguide.pdf' for more information about
(scrreprt)              recommended font commands.
(scrreprt)              Note also, that KOMA-Script will remove the definition
(scrreprt)              of `\bf' anytime until release of about version 3.20.
(scrreprt)              But for now, KOMA-Script will replace deprecated `\bf'
(scrreprt)              by `\normalfont \bfseries ' on input line 24.

[1






{C:/Users/fgell_000/AppData/Local/MiKTeX/2.9/pdftex/config/pdftex.map}])
LaTeX Font Info:    Try loading font information for T1+aess on input line 10.

(V:\ProgrammeV\miktex\tex\latex\ae\t1aess.fd
File: t1aess.fd 1997/11/16 Font definitions for T1/aess.
) (diplomarbeit.toc [1


])
\tf@toc=\write3
\openout3 = `diplomarbeit.toc'.

 [2]

Package scrpage2 Warning: you've used pagestyle ``headings''.
(scrpage2)                You should not use this pagestyle with a
(scrpage2)                scrpage2-pagestyle!
(scrpage2)                You should use pagestyle ``useheadings'' instead
(scrpage2)                 on input line 12.

\openout2 = `einleitungmotivation.aux'.

(einleitungmotivation.tex
chapter 1.

Class scrreprt Warning: \float@addtolists detected!
(scrreprt)              Implementation of \float@addtolist became
(scrreprt)              deprecated in KOMA-Script v3.01 2008/11/14 and
(scrreprt)              has been replaced by several more flexible
(scrreprt)              features of package `tocbasic`.
(scrreprt)              Since Version 3.12 support for deprecated
(scrreprt)              \float@addtolist interface has been
(scrreprt)              restricted to only some of the KOMA-Script
(scrreprt)              features and been removed from others.
(scrreprt)              Loading of package `scrhack' may help to
(scrreprt)              avoid this warning, if you are using a
(scrreprt)              a package that still implements the
(scrreprt)              deprecated \float@addtolist interface .

<abb/wege_logo.png, id=15, 48.9027pt x 23.1264pt>
File: abb/wege_logo.png Graphic file (type png)
 <use abb/wege_logo.png>
Package pdftex.def Info: abb/wege_logo.png used on input line 10.
(pdftex.def)             Requested size: 48.90256pt x 23.12634pt.

<abb/wege.png, id=17, 220.825pt x 220.825pt>
File: abb/wege.png Graphic file (type png)
 <use abb/wege.png>
Package pdftex.def Info: abb/wege.png used on input line 20.
(pdftex.def)             Requested size: 110.41222pt x 110.41222pt.
 [1


 <./abb/wege_logo.png>]

LaTeX Warning: Citation `BilVer' on page 2 undefined on input line 32.


LaTeX Warning: Citation `Im Mittelpunkt des Projektvorhabens stehen dabei vor a
llem die inhaltliche Abstimmung zwischen einzelnen Fächern' on page 2 undefined
 on input line 32.


LaTeX Warning: Citation `die Stärkung des Professions- und Schulbezugs sowie de
r darauf bezogene Ausbau fall- und themenbezogener Lehr-' on page 2 undefined o
n input line 32.


LaTeX Warning: Citation `Lern- und Prüfungsformate.' on page 2 undefined on inp
ut line 32.

[2 <./abb/wege.png>]) [3]
\openout2 = `begriffe.aux'.

 (begriffe.tex
chapter 2.
LaTeX Font Info:    Try loading font information for OMS+aer on input line 11.
(V:\ProgrammeV\miktex\tex\latex\ae\omsaer.fd
File: omsaer.fd 1999/12/27
)
LaTeX Font Info:    Font shape `OMS/aer/m/n' in size <10.95> not available
(Font)              Font shape `OMS/cmsy/m/n' tried instead on input line 11.
 [4



]) [5]
\openout2 = `projektanalyse.aux'.

 (projektanalyse.tex
chapter 3.
[6



] [7] [8]) [9]
\openout2 = `cmswahl.aux'.

 (cmswahl.tex
chapter 4.

Underfull \hbox (badness 10000) in paragraph at lines 4--5

 []

[10



]
Underfull \hbox (badness 10000) in paragraph at lines 32--33

 []

<abb/sharepoint_logo.png, id=59, 222.8325pt x 45.16875pt>
File: abb/sharepoint_logo.png Graphic file (type png)

<use abb/sharepoint_logo.png>
Package pdftex.def Info: abb/sharepoint_logo.png used on input line 43.
(pdftex.def)             Requested size: 111.41597pt x 22.5843pt.
 [11]
<abb/lifeRay_logo.png, id=63, 198.7425pt x 49.18375pt>
File: abb/lifeRay_logo.png Graphic file (type png)

<use abb/lifeRay_logo.png>
Package pdftex.def Info: abb/lifeRay_logo.png used on input line 62.
(pdftex.def)             Requested size: 99.371pt x 24.5918pt.
 [12 <./abb/sharepoint_logo.png> <./abb/lifeRay_logo.png>] <abb/typo3_logo.png,
 id=69, 483.8075pt x 204.765pt>
File: abb/typo3_logo.png Graphic file (type png)

<use abb/typo3_logo.png>
Package pdftex.def Info: abb/typo3_logo.png used on input line 80.
(pdftex.def)             Requested size: 120.95157pt x 51.19112pt.
) [13 <./abb/typo3_logo.png>]
\openout2 = `typo3.aux'.

 (typo3.tex
chapter 5.
[14



]
LaTeX Font Info:    Try loading font information for T1+aett on input line 28.
 (V:\ProgrammeV\miktex\tex\latex\ae\t1aett.fd
File: t1aett.fd 1997/11/16 Font definitions for T1/aett.
)
<abb/typo3frontend.jpg, id=77, 840.13875pt x 472.76625pt>
File: abb/typo3frontend.jpg Graphic file (type jpg)

<use abb/typo3frontend.jpg>
Package pdftex.def Info: abb/typo3frontend.jpg used on input line 31.
(pdftex.def)             Requested size: 420.06834pt x 236.38254pt.

<abb/typo3backend.jpg, id=78, 840.89156pt x 474.27188pt>
File: abb/typo3backend.jpg Graphic file (type jpg)

<use abb/typo3backend.jpg>
Package pdftex.def Info: abb/typo3backend.jpg used on input line 37.
(pdftex.def)             Requested size: 420.44475pt x 237.13536pt.
 [15 <./abb/typo3frontend.jpg>]
<abb/typo3menu.jpg, id=83, 145.29282pt x 649.67719pt>
File: abb/typo3menu.jpg Graphic file (type jpg)
 <use abb/typo3menu.jpg>
Package pdftex.def Info: abb/typo3menu.jpg used on input line 55.
(pdftex.def)             Requested size: 113.81102pt x 508.91718pt.

Underfull \hbox (badness 10000) in paragraph at lines 57--57
[] []\T1/aer/m/n/10 Typo3
 []


Underfull \hbox (badness 10000) in paragraph at lines 52--58

 []

[16 <./abb/typo3backend.jpg> <./abb/typo3menu.jpg>] [17] [18]
<abb/typo3_template_overview.png, id=94, 647.41875pt x 536.0025pt>
File: abb/typo3_template_overview.png Graphic file (type png)

<use abb/typo3_template_overview.png>
Package pdftex.def Info: abb/typo3_template_overview.png used on input line 147
.
(pdftex.def)             Requested size: 318.66946pt x 263.82944pt.
 [19] [20 <./abb/typo3_template_overview.png>]
Overfull \hbox (58.62167pt too wide) in paragraph at lines 177--178
[]\T1/aer/m/n/10.95 Die PHP Ex-ten-si-on Filein-fo geht nicht. In der php.ini d
as Se-mi-ko-lon vor \T1/aett/m/n/10.95 extension=php_fileinfo.dll
 []

[21] <abb/roottemplate.jpg, id=106, 216.81pt x 182.18062pt>
File: abb/roottemplate.jpg Graphic file (type jpg)

<use abb/roottemplate.jpg>
Package pdftex.def Info: abb/roottemplate.jpg used on input line 200.
(pdftex.def)             Requested size: 136.5746pt x 114.76604pt.

Overfull \hbox (16.57599pt too wide) in paragraph at lines 204--205
[]\T1/aer/m/n/10.95 Im Root-Template un-ter \T1/aett/m/n/10.95 Includes \T1/aer
/m/n/10.95 müs-sen zwei Din-ge ein-ge-fügt wer-den, \T1/aett/m/n/10.95 css_styl
ed_content
 []


Overfull \hbox (14.97731pt too wide) in paragraph at lines 204--205
\T1/aer/m/n/10.95 und \T1/aett/m/n/10.95 fluid_styled_content\T1/aer/m/n/10.95 
. Die Rei-hen-fol-ge ist da-bei wich-tig. Soll-te \T1/aett/m/n/10.95 fluid_styl
ed_content
 []

ngerman: "FF is now obsolete, please use FFF instead on input line 206.
ngerman: "FF is now obsolete, please use FFF instead on input line 207.

Overfull \hbox (65.11401pt too wide) in paragraph at lines 207--208
[]| \T1/aer/m/n/10.95 Un-ter \T1/aett/m/n/10.95 Setup\T1/aer/m/n/10.95 : \T1/ae
tt/m/n/10.95 <INCLUDE_TYPOSCRIPT: source= FF-ILE:fileadmin/\T1/aett/m/it/10.95 
Template_WegE\T1/aett/m/n/10.95 /ts/setup.ts 
 []

[22 <./abb/roottemplate.jpg>]) [23]
\openout2 = `typo3praxisteil.aux'.

 (typo3praxisteil.tex
chapter 6.

Overfull \hbox (0.59741pt too wide) in paragraph at lines 14--16
\T1/aer/m/n/10.95 herr-schen-de Me-tho-de zur Ver-wal-tung von Fron-tend Usern 
ist die Ex-ten-si-on sr_feuser_registration.
 []

<abb/fe_user.jpg, id=114, 526.21594pt x 478.78876pt>
File: abb/fe_user.jpg Graphic file (type jpg)
 <use abb/fe_user.jpg>
Package pdftex.def Info: abb/fe_user.jpg used on input line 24.
(pdftex.def)             Requested size: 341.43306pt x 310.67567pt.

[24



] [25 <./abb/fe_user.jpg>]
<abb/newsextension.jpg, id=121, 695.59875pt x 424.58624pt>
File: abb/newsextension.jpg Graphic file (type jpg)

<use abb/newsextension.jpg>
Package pdftex.def Info: abb/newsextension.jpg used on input line 48.
(pdftex.def)             Requested size: 341.43306pt x 208.4054pt.
 [26] [27 <./abb/newsextension.jpg>]
<abb/forumextension.png, id=129, 877.02657pt x 491.58656pt>
File: abb/forumextension.png Graphic file (type png)

<use abb/forumextension.png>
Package pdftex.def Info: abb/forumextension.png used on input line 71.
(pdftex.def)             Requested size: 341.43306pt x 191.38043pt.
 [28 <./abb/forumextension.png>] [29]
<abb/powermail.jpg, id=137, 517.18219pt x 350.05782pt>
File: abb/powermail.jpg Graphic file (type jpg)
 <use abb/powermail.jpg>
Package pdftex.def Info: abb/powermail.jpg used on input line 122.
(pdftex.def)             Requested size: 227.62204pt x 154.06863pt.
) [30 <./abb/powermail.jpg>]
\openout2 = `mehrwert.aux'.

 (mehrwert.tex
chapter 7.
) [31



]
\openout2 = `zusammenfassungausblick.aux'.

 (zusammenfassungausblick.tex
chapter 8.
) [32



] (diplomarbeit.lof)
\tf@lof=\write4
\openout4 = `diplomarbeit.lof'.

 [33


] (diplomarbeit.lot)
\tf@lot=\write5
\openout5 = `diplomarbeit.lot'.

 (diplomarbeit.bbl [34

])
[35

]
\openout2 = `erklaerung.aux'.

 (erklaerung.tex) [36

] (diplomarbeit.aux (deckblatt.aux)
(einleitungmotivation.aux) (begriffe.aux) (projektanalyse.aux) (cmswahl.aux)
(typo3.aux) (typo3praxisteil.aux) (mehrwert.aux) (zusammenfassungausblick.aux)
(erklaerung.aux))

LaTeX Warning: There were undefined references.


LaTeX Warning: There were multiply-defined labels.

 ) 
Here is how much of TeX's memory you used:
 7234 strings out of 493634
 106858 string characters out of 3146593
 252589 words of memory out of 3000000
 10346 multiletter control sequences out of 15000+200000
 56843 words of font info for 103 fonts, out of 3000000 for 9000
 1025 hyphenation exceptions out of 8191
 58i,8n,68p,1663b,338s stack positions out of 5000i,500n,10000p,200000b,50000s
<V:/ProgrammeV/miktex/fonts/type1/public/amsfonts/cm/cmbx10.pfb><V:/Programme
V/miktex/fonts/type1/public/amsfonts/cm/cmbx12.pfb><V:/ProgrammeV/miktex/fonts/
type1/public/amsfonts/cm/cmcsc10.pfb><V:/ProgrammeV/miktex/fonts/type1/public/a
msfonts/cm/cmitt10.pfb><V:/ProgrammeV/miktex/fonts/type1/public/amsfonts/cm/cmm
i10.pfb><V:/ProgrammeV/miktex/fonts/type1/public/amsfonts/cm/cmr10.pfb><V:/Prog
rammeV/miktex/fonts/type1/public/amsfonts/cm/cmr6.pfb><V:/ProgrammeV/miktex/fon
ts/type1/public/amsfonts/cm/cmr8.pfb><V:/ProgrammeV/miktex/fonts/type1/public/a
msfonts/cm/cmr9.pfb><V:/ProgrammeV/miktex/fonts/type1/public/amsfonts/cm/cmsl10
.pfb><V:/ProgrammeV/miktex/fonts/type1/public/amsfonts/cm/cmssbx10.pfb><V:/Prog
rammeV/miktex/fonts/type1/public/amsfonts/cm/cmsy10.pfb><V:/ProgrammeV/miktex/f
onts/type1/public/amsfonts/cm/cmti10.pfb><V:/ProgrammeV/miktex/fonts/type1/publ
ic/amsfonts/cm/cmtt10.pfb>
Output written on diplomarbeit.pdf (39 pages, 907728 bytes).
PDF statistics:
 206 PDF objects out of 1000 (max. 8388607)
 0 named destinations out of 1000 (max. 500000)
 71 words of extra memory for PDF output out of 10000 (max. 10000000)

